<?xml version="1.0" encoding="UTF-8"?>
<!-- Generated by org.testng.reporters.JUnitReportReporter -->
<testsuite hostname="LPCD-2TBFS93" failures="0" tests="1" name="TestCases.Cart" time="11.347" errors="0" timestamp="2023-10-27T22:56:38 GMT+05:30" skipped="0">
  <testcase classname="TestCases.Cart" name="checkBookinCartAfterLogin" time="11.347"/>
</testsuite> <!-- TestCases.Cart -->
