<?xml version="1.0" encoding="UTF-8"?>
<!-- Generated by org.testng.reporters.JUnitReportReporter -->
<testsuite hostname="LPCD-2TBFS93" failures="0" tests="5" name="TestCases.Login" time="35.789" errors="0" timestamp="2023-10-28T23:11:11 GMT+05:30" skipped="0">
  <testcase classname="TestCases.Login" name="loginWithoutCreds" time="4.410"/>
  <testcase classname="TestCases.Login" name="loginWithInvalidCreds" time="6.701"/>
  <testcase classname="TestCases.Login" name="loginWithInvalidEmail" time="4.355"/>
  <testcase classname="TestCases.Login" name="loginWithInvalidPassword" time="9.703"/>
  <testcase classname="TestCases.Login" name="loginWithValidCreds" time="10.620"/>
</testsuite> <!-- TestCases.Login -->
