<?xml version="1.0" encoding="UTF-8"?>
<!-- Generated by org.testng.reporters.JUnitReportReporter -->
<testsuite hostname="LPCD-2TBFS93" failures="0" tests="2" name="TestCases.Cart" time="22.602" errors="0" timestamp="2023-10-29T10:00:03 GMT+05:30" skipped="0">
  <testcase classname="TestCases.Cart" name="addToCart" time="13.555"/>
  <testcase classname="TestCases.Cart" name="checkBookinCartAfterLogin" time="9.047"/>
</testsuite> <!-- TestCases.Cart -->
