<?xml version="1.0" encoding="UTF-8"?>
<!-- Generated by org.testng.reporters.JUnitReportReporter -->
<testsuite hostname="LPCD-2TBFS93" failures="0" tests="1" name="TestCases.Logout" time="7.678" errors="0" timestamp="2023-10-28T23:11:11 GMT+05:30" skipped="0">
  <testcase classname="TestCases.Logout" name="logout" time="7.678"/>
</testsuite> <!-- TestCases.Logout -->
