<?xml version="1.0" encoding="UTF-8"?>
<!-- Generated by org.testng.reporters.JUnitReportReporter -->
<testsuite hostname="LPCD-2TBFS93" failures="0" tests="1" name="TestCases.Login" time="6.662" errors="0" timestamp="2023-10-27T22:16:49 GMT+05:30" skipped="0">
  <testcase classname="TestCases.Login" name="loginWithValidCreds" time="6.662"/>
</testsuite> <!-- TestCases.Login -->
