<?xml version="1.0" encoding="UTF-8"?>
<!-- Generated by org.testng.reporters.JUnitReportReporter -->
<testsuite hostname="LPCD-2TBFS93" failures="0" tests="1" name="TestCases.Logout" time="8.003" errors="0" timestamp="2023-10-29T10:00:03 GMT+05:30" skipped="0">
  <testcase classname="TestCases.Logout" name="logout" time="8.003"/>
</testsuite> <!-- TestCases.Logout -->
