<?xml version="1.0" encoding="UTF-8"?>
<!-- Generated by org.testng.reporters.JUnitReportReporter -->
<testsuite hostname="LPCD-2TBFS93" failures="0" tests="5" name="TestCases.Login" time="33.324" errors="0" timestamp="2023-10-25T16:15:09 GMT+05:30" skipped="0">
  <testcase classname="TestCases.Login" name="loginWithoutCreds" time="5.294"/>
  <testcase classname="TestCases.Login" name="loginWithInvalidCreds" time="7.177"/>
  <testcase classname="TestCases.Login" name="loginWithInvalidEmail" time="6.104"/>
  <testcase classname="TestCases.Login" name="loginWithInvalidPassword" time="6.759"/>
  <testcase classname="TestCases.Login" name="loginWithValidCreds" time="7.990"/>
</testsuite> <!-- TestCases.Login -->
