<?xml version="1.0" encoding="UTF-8"?>
<!-- Generated by org.testng.reporters.JUnitReportReporter -->
<testsuite hostname="LPCD-2TBFS93" failures="0" tests="5" name="TestCases.Login" time="45.796" errors="0" timestamp="2023-10-25T15:27:31 GMT+05:30" skipped="0">
  <testcase classname="TestCases.Login" name="loginWithoutCreds" time="9.999"/>
  <testcase classname="TestCases.Login" name="loginWithInvalidCreds" time="8.075"/>
  <testcase classname="TestCases.Login" name="loginWithInvalidEmail" time="10.788"/>
  <testcase classname="TestCases.Login" name="loginWithInvalidPassword" time="8.034"/>
  <testcase classname="TestCases.Login" name="loginWithValidCreds" time="8.900"/>
</testsuite> <!-- TestCases.Login -->
