<?xml version="1.0" encoding="UTF-8"?>
<!-- Generated by org.testng.reporters.JUnitReportReporter -->
<testsuite hostname="LPCD-2TBFS93" failures="0" tests="5" name="TestCases.Login" time="38.258" errors="0" timestamp="2023-10-29T10:00:03 GMT+05:30" skipped="0">
  <testcase classname="TestCases.Login" name="loginWithoutCreds" time="8.714"/>
  <testcase classname="TestCases.Login" name="loginWithInvalidCreds" time="4.131"/>
  <testcase classname="TestCases.Login" name="loginWithInvalidEmail" time="7.129"/>
  <testcase classname="TestCases.Login" name="loginWithInvalidPassword" time="7.146"/>
  <testcase classname="TestCases.Login" name="loginWithValidCreds" time="11.138"/>
</testsuite> <!-- TestCases.Login -->
