<?xml version="1.0" encoding="UTF-8"?>
<!-- Generated by org.testng.reporters.JUnitReportReporter -->
<testsuite hostname="LPCD-2TBFS93" failures="0" tests="1" name="TestCases.Registration" time="20.427" errors="0" timestamp="2023-10-25T10:35:07 GMT+05:30" skipped="0">
  <testcase classname="TestCases.Registration" name="signupUser" time="20.427"/>
</testsuite> <!-- TestCases.Registration -->
