<?xml version="1.0" encoding="UTF-8"?>
<!-- Generated by org.testng.reporters.JUnitReportReporter -->
<testsuite hostname="LPCD-2TBFS93" failures="0" tests="2" name="TestCases.Cart" time="23.014" errors="0" timestamp="2023-10-28T23:11:11 GMT+05:30" skipped="0">
  <testcase classname="TestCases.Cart" name="addToCart" time="14.084"/>
  <testcase classname="TestCases.Cart" name="checkBookinCartAfterLogin" time="8.930"/>
</testsuite> <!-- TestCases.Cart -->
